Start testing: Jun 19 20:15 EDT
----------------------------------------------------------
1/7 Testing: datter_tests.test1
1/7 Test: datter_tests.test1
Command: "/Users/heathfortin/programing/languages/c++/plotter/build/src/libs/plotter2/shared/tests/datter/datter_tests" "--gtest_filter=datter_tests.test1" "--gtest_also_run_disabled_tests"
Directory: /Users/heathfortin/programing/languages/c++/plotter/build/src/libs/plotter2/shared/tests/datter
"datter_tests.test1" start time: Jun 19 20:15 EDT
Output:
----------------------------------------------------------
Note: Google Test filter = datter_tests.test1
[==========] Running 1 test from 1 test suite.
[----------] Global test environment set-up.
[----------] 1 test from datter_tests
[ RUN      ] datter_tests.test1
[       OK ] datter_tests.test1 (0 ms)
[----------] 1 test from datter_tests (0 ms total)

[----------] Global test environment tear-down
[==========] 1 test from 1 test suite ran. (0 ms total)
[  PASSED  ] 1 test.
<end of output>
Test time =   0.01 sec
----------------------------------------------------------
Test Passed.
"datter_tests.test1" end time: Jun 19 20:15 EDT
"datter_tests.test1" time elapsed: 00:00:00
----------------------------------------------------------

2/7 Testing: datter_tests.csv_test1
2/7 Test: datter_tests.csv_test1
Command: "/Users/heathfortin/programing/languages/c++/plotter/build/src/libs/plotter2/shared/tests/datter/datter_tests" "--gtest_filter=datter_tests.csv_test1" "--gtest_also_run_disabled_tests"
Directory: /Users/heathfortin/programing/languages/c++/plotter/build/src/libs/plotter2/shared/tests/datter
"datter_tests.csv_test1" start time: Jun 19 20:15 EDT
Output:
----------------------------------------------------------
Note: Google Test filter = datter_tests.csv_test1
[==========] Running 1 test from 1 test suite.
[----------] Global test environment set-up.
[----------] 1 test from datter_tests
[ RUN      ] datter_tests.csv_test1
[       OK ] datter_tests.csv_test1 (0 ms)
[----------] 1 test from datter_tests (0 ms total)

[----------] Global test environment tear-down
[==========] 1 test from 1 test suite ran. (0 ms total)
[  PASSED  ] 1 test.
<end of output>
Test time =   0.01 sec
----------------------------------------------------------
Test Passed.
"datter_tests.csv_test1" end time: Jun 19 20:15 EDT
"datter_tests.csv_test1" time elapsed: 00:00:00
----------------------------------------------------------

3/7 Testing: datter_tests.csv_test2
3/7 Test: datter_tests.csv_test2
Command: "/Users/heathfortin/programing/languages/c++/plotter/build/src/libs/plotter2/shared/tests/datter/datter_tests" "--gtest_filter=datter_tests.csv_test2" "--gtest_also_run_disabled_tests"
Directory: /Users/heathfortin/programing/languages/c++/plotter/build/src/libs/plotter2/shared/tests/datter
"datter_tests.csv_test2" start time: Jun 19 20:15 EDT
Output:
----------------------------------------------------------
Note: Google Test filter = datter_tests.csv_test2
[==========] Running 1 test from 1 test suite.
[----------] Global test environment set-up.
[----------] 1 test from datter_tests
[ RUN      ] datter_tests.csv_test2
[       OK ] datter_tests.csv_test2 (0 ms)
[----------] 1 test from datter_tests (0 ms total)

[----------] Global test environment tear-down
[==========] 1 test from 1 test suite ran. (0 ms total)
[  PASSED  ] 1 test.
<end of output>
Test time =   0.01 sec
----------------------------------------------------------
Test Passed.
"datter_tests.csv_test2" end time: Jun 19 20:15 EDT
"datter_tests.csv_test2" time elapsed: 00:00:00
----------------------------------------------------------

4/7 Testing: datter_tests
4/7 Test: datter_tests
Command: "/Users/heathfortin/programing/languages/c++/plotter/build/src/libs/plotter2/shared/tests/datter/datter_tests"
Directory: /Users/heathfortin/programing/languages/c++/plotter/build/src/libs/plotter2/shared/tests/datter
"datter_tests" start time: Jun 19 20:15 EDT
Output:
----------------------------------------------------------
[==========] Running 3 tests from 1 test suite.
[----------] Global test environment set-up.
[----------] 3 tests from datter_tests
[ RUN      ] datter_tests.csv_test1
[       OK ] datter_tests.csv_test1 (0 ms)
[ RUN      ] datter_tests.csv_test2
[       OK ] datter_tests.csv_test2 (0 ms)
[ RUN      ] datter_tests.test1
[       OK ] datter_tests.test1 (0 ms)
[----------] 3 tests from datter_tests (0 ms total)

[----------] Global test environment tear-down
[==========] 3 tests from 1 test suite ran. (0 ms total)
[  PASSED  ] 3 tests.
<end of output>
Test time =   0.01 sec
----------------------------------------------------------
Test Passed.
"datter_tests" end time: Jun 19 20:15 EDT
"datter_tests" time elapsed: 00:00:00
----------------------------------------------------------

5/7 Testing: manager_tests.manifest
5/7 Test: manager_tests.manifest
Command: "/Users/heathfortin/programing/languages/c++/plotter/build/src/libs/plotter2/manager/tests/manager_tests" "--gtest_filter=manager_tests.manifest" "--gtest_also_run_disabled_tests"
Directory: /Users/heathfortin/programing/languages/c++/plotter/build/src/libs/plotter2/manager/tests
"manager_tests.manifest" start time: Jun 19 20:15 EDT
Output:
----------------------------------------------------------
Note: Google Test filter = manager_tests.manifest
[==========] Running 1 test from 1 test suite.
[----------] Global test environment set-up.
[----------] 1 test from manager_tests
[ RUN      ] manager_tests.manifest
[       OK ] manager_tests.manifest (0 ms)
[----------] 1 test from manager_tests (0 ms total)

[----------] Global test environment tear-down
[==========] 1 test from 1 test suite ran. (0 ms total)
[  PASSED  ] 1 test.
<end of output>
Test time =   0.01 sec
----------------------------------------------------------
Test Passed.
"manager_tests.manifest" end time: Jun 19 20:15 EDT
"manager_tests.manifest" time elapsed: 00:00:00
----------------------------------------------------------

6/7 Testing: manager_tests.manager
6/7 Test: manager_tests.manager
Command: "/Users/heathfortin/programing/languages/c++/plotter/build/src/libs/plotter2/manager/tests/manager_tests" "--gtest_filter=manager_tests.manager" "--gtest_also_run_disabled_tests"
Directory: /Users/heathfortin/programing/languages/c++/plotter/build/src/libs/plotter2/manager/tests
"manager_tests.manager" start time: Jun 19 20:15 EDT
Output:
----------------------------------------------------------
Note: Google Test filter = manager_tests.manager
[==========] Running 1 test from 1 test suite.
[----------] Global test environment set-up.
[----------] 1 test from manager_tests
[ RUN      ] manager_tests.manager
[       OK ] manager_tests.manager (0 ms)
[----------] 1 test from manager_tests (0 ms total)

[----------] Global test environment tear-down
[==========] 1 test from 1 test suite ran. (0 ms total)
[  PASSED  ] 1 test.
<end of output>
Test time =   0.01 sec
----------------------------------------------------------
Test Passed.
"manager_tests.manager" end time: Jun 19 20:15 EDT
"manager_tests.manager" time elapsed: 00:00:00
----------------------------------------------------------

7/7 Testing: manager_tests
7/7 Test: manager_tests
Command: "/Users/heathfortin/programing/languages/c++/plotter/build/src/libs/plotter2/manager/tests/manager_tests"
Directory: /Users/heathfortin/programing/languages/c++/plotter/build/src/libs/plotter2/manager/tests
"manager_tests" start time: Jun 19 20:15 EDT
Output:
----------------------------------------------------------
[==========] Running 2 tests from 1 test suite.
[----------] Global test environment set-up.
[----------] 2 tests from manager_tests
[ RUN      ] manager_tests.manager
[       OK ] manager_tests.manager (0 ms)
[ RUN      ] manager_tests.manifest
[       OK ] manager_tests.manifest (0 ms)
[----------] 2 tests from manager_tests (0 ms total)

[----------] Global test environment tear-down
[==========] 2 tests from 1 test suite ran. (0 ms total)
[  PASSED  ] 2 tests.
<end of output>
Test time =   0.01 sec
----------------------------------------------------------
Test Passed.
"manager_tests" end time: Jun 19 20:15 EDT
"manager_tests" time elapsed: 00:00:00
----------------------------------------------------------

End testing: Jun 19 20:15 EDT
